=
2022/06/30 04:16:30 [notice] 1#1: using the "epoll" event method
2022/06/30 04:16:30 [notice] 1#1: nginx/1.23.0
2022/06/30 04:16:30 [notice] 1#1: built by gcc 11.2.1 20220219 (Alpine 11.2.1_git20220219) 
2022/06/30 04:16:30 [notice] 1#1: OS: Linux 5.4.72-microsoft-standard-WSL2
2022/06/30 04:16:30 [notice] 1#1: getrlimit(RLIMIT_NOFILE): 1048576:1048576
2022/06/30 04:16:30 [notice] 1#1: start worker processes
2022/06/30 04:16:30 [notice] 1#1: start worker process 31
2022/06/30 04:16:30 [notice] 1#1: start worker process 32
2022/06/30 04:16:30 [notice] 1#1: start worker process 33
2022/06/30 04:16:30 [notice] 1#1: start worker process 34
2022/06/30 04:16:30 [notice] 1#1: start worker process 35
2022/06/30 04:16:30 [notice] 1#1: start worker process 36
2022/06/30 04:16:30 [notice] 1#1: start worker process 37
2022/06/30 04:16:30 [notice] 1#1: start worker process 38
2022/06/30 04:16:30 [notice] 1#1: start worker process 39
2022/06/30 04:16:30 [notice] 1#1: start worker process 40
2022/06/30 04:16:30 [notice] 1#1: start worker process 41
2022/06/30 04:16:30 [notice] 1#1: start worker process 42
2022/06/30 04:16:30 [notice] 1#1: start worker process 43
2022/06/30 04:16:30 [notice] 1#1: start worker process 44
2022/06/30 04:16:30 [notice] 1#1: start worker process 45
2022/06/30 04:16:30 [notice] 1#1: start worker process 46
2022/06/30 04:17:18 [error] 31#31: *1 FastCGI sent in stderr: "PHP message: PHP Warning:  require_once(/var/www/ApiGateway/bootstrap/../vendor/autoload.php): failed to open stream: No such file or directory in /var/www/ApiGateway/bootstrap/app.php on line 7
PHP message: PHP Fatal error:  require_once(): Failed opening required '/var/www/ApiGateway/bootstrap/../vendor/autoload.php' (include_path='.:/usr/local/lib/php') in /var/www/ApiGateway/bootstrap/app.php on line 7" while reading response header from upstream, client: 172.18.0.1, server: , request: "GET / HTTP/1.1", upstream: "fastcgi://172.18.0.4:9000", host: "localhost:8000"
2022/06/30 04:17:19 [error] 31#31: *1 FastCGI sent in stderr: "PHP message: PHP Warning:  require_once(/var/www/ApiGateway/bootstrap/../vendor/autoload.php): failed to open stream: No such file or directory in /var/www/ApiGateway/bootstrap/app.php on line 7
PHP message: PHP Fatal error:  require_once(): Failed opening required '/var/www/ApiGateway/bootstrap/../vendor/autoload.php' (include_path='.:/usr/local/lib/php') in /var/www/ApiGateway/bootstrap/app.php on line 7" while reading response header from upstream, client: 172.18.0.1, server: , request: "GET /favicon.ico HTTP/1.1", upstream: "fastcgi://172.18.0.4:9000", host: "localhost:8000", referrer: "http://localhost:8000/"
2022/06/30 04:50:31 [notice] 1#1: using the "epoll" event method
2022/06/30 04:50:31 [notice] 1#1: nginx/1.23.0
2022/06/30 04:50:31 [notice] 1#1: built by gcc 11.2.1 20220219 (Alpine 11.2.1_git20220219) 
2022/06/30 04:50:31 [notice] 1#1: OS: Linux 5.4.72-microsoft-standard-WSL2
2022/06/30 04:50:31 [notice] 1#1: getrlimit(RLIMIT_NOFILE): 1048576:1048576
2022/06/30 04:50:31 [notice] 1#1: start worker processes
2022/06/30 04:50:31 [notice] 1#1: start worker process 31
2022/06/30 04:50:31 [notice] 1#1: start worker process 32
2022/06/30 04:50:31 [notice] 1#1: start worker process 33
2022/06/30 04:50:31 [notice] 1#1: start worker process 34
2022/06/30 04:50:31 [notice] 1#1: start worker process 35
2022/06/30 04:50:31 [notice] 1#1: start worker process 36
2022/06/30 04:50:31 [notice] 1#1: start worker process 37
2022/06/30 04:50:31 [notice] 1#1: start worker process 38
2022/06/30 04:50:31 [notice] 1#1: start worker process 39
2022/06/30 04:50:31 [notice] 1#1: start worker process 40
2022/06/30 04:50:31 [notice] 1#1: start worker process 41
2022/06/30 04:50:31 [notice] 1#1: start worker process 42
2022/06/30 04:50:31 [notice] 1#1: start worker process 43
2022/06/30 04:50:31 [notice] 1#1: start worker process 44
2022/06/30 04:50:31 [notice] 1#1: start worker process 45
2022/06/30 04:50:31 [notice] 1#1: start worker process 46
2022/06/30 04:50:42 [notice] 1#1: signal 3 (SIGQUIT) received, shutting down
2022/06/30 04:50:42 [notice] 31#31: gracefully shutting down
2022/06/30 04:50:42 [notice] 32#32: gracefully shutting down
2022/06/30 04:50:42 [notice] 33#33: gracefully shutting down
2022/06/30 04:50:42 [notice] 34#34: gracefully shutting down
2022/06/30 04:50:42 [notice] 35#35: gracefully shutting down
2022/06/30 04:50:42 [notice] 36#36: gracefully shutting down
2022/06/30 04:50:42 [notice] 32#32: exiting
2022/06/30 04:50:42 [notice] 31#31: exiting
2022/06/30 04:50:42 [notice] 33#33: exiting
2022/06/30 04:50:42 [notice] 38#38: gracefully shutting down
2022/06/30 04:50:42 [notice] 34#34: exiting
2022/06/30 04:50:42 [notice] 35#35: exiting
2022/06/30 04:50:42 [notice] 43#43: gracefully shutting down
2022/06/30 04:50:42 [notice] 40#40: gracefully shutting down
2022/06/30 04:50:42 [notice] 38#38: exiting
2022/06/30 04:50:42 [notice] 39#39: gracefully shutting down
2022/06/30 04:50:42 [notice] 43#43: exiting
2022/06/30 04:50:42 [notice] 40#40: exiting
2022/06/30 04:50:42 [notice] 39#39: exiting
2022/06/30 04:50:42 [notice] 32#32: exit
2022/06/30 04:50:42 [notice] 34#34: exit
2022/06/30 04:50:42 [notice] 38#38: exit
2022/06/30 04:50:42 [notice] 35#35: exit
2022/06/30 04:50:42 [notice] 33#33: exit
2022/06/30 04:50:42 [notice] 40#40: exit
2022/06/30 04:50:42 [notice] 43#43: exit
2022/06/30 04:50:42 [notice] 39#39: exit
2022/06/30 04:50:42 [notice] 31#31: exit
2022/06/30 04:50:42 [notice] 36#36: exiting
2022/06/30 04:50:42 [notice] 42#42: gracefully shutting down
2022/06/30 04:50:42 [notice] 42#42: exiting
2022/06/30 04:50:42 [notice] 41#41: gracefully shutting down
2022/06/30 04:50:42 [notice] 41#41: exiting
2022/06/30 04:50:42 [notice] 36#36: exit
2022/06/30 04:50:42 [notice] 42#42: exit
2022/06/30 04:50:42 [notice] 44#44: gracefully shutting down
2022/06/30 04:50:42 [notice] 44#44: exiting
2022/06/30 04:50:42 [notice] 44#44: exit
2022/06/30 04:50:42 [notice] 37#37: gracefully shutting down
2022/06/30 04:50:42 [notice] 37#37: exiting
2022/06/30 04:50:42 [notice] 37#37: exit
2022/06/30 04:50:42 [notice] 45#45: gracefully shutting down
2022/06/30 04:50:42 [notice] 45#45: exiting
2022/06/30 04:50:42 [notice] 46#46: gracefully shutting down
2022/06/30 04:50:42 [notice] 46#46: exiting
2022/06/30 04:50:42 [notice] 46#46: exit
2022/06/30 04:50:42 [notice] 45#45: exit
2022/06/30 04:50:42 [notice] 41#41: exit
2022/06/30 04:50:42 [notice] 1#1: signal 17 (SIGCHLD) received from 31
2022/06/30 04:50:42 [notice] 1#1: worker process 31 exited with code 0
2022/06/30 04:50:42 [notice] 1#1: worker process 32 exited with code 0
2022/06/30 04:50:42 [notice] 1#1: worker process 33 exited with code 0
2022/06/30 04:50:42 [notice] 1#1: worker process 35 exited with code 0
2022/06/30 04:50:42 [notice] 1#1: worker process 42 exited with code 0
2022/06/30 04:50:42 [notice] 1#1: signal 29 (SIGIO) received
2022/06/30 04:50:42 [notice] 1#1: signal 17 (SIGCHLD) received from 36
2022/06/30 04:50:42 [notice] 1#1: worker process 36 exited with code 0
2022/06/30 04:50:42 [notice] 1#1: worker process 38 exited with code 0
2022/06/30 04:50:42 [notice] 1#1: worker process 40 exited with code 0
2022/06/30 04:50:42 [notice] 1#1: worker process 43 exited with code 0
2022/06/30 04:50:42 [notice] 1#1: signal 29 (SIGIO) received
2022/06/30 04:50:42 [notice] 1#1: signal 17 (SIGCHLD) received from 38
2022/06/30 04:50:42 [notice] 1#1: signal 17 (SIGCHLD) received from 44
2022/06/30 04:50:42 [notice] 1#1: worker process 37 exited with code 0
2022/06/30 04:50:42 [notice] 1#1: worker process 39 exited with code 0
2022/06/30 04:50:42 [notice] 1#1: worker process 41 exited with code 0
2022/06/30 04:50:42 [notice] 1#1: worker process 44 exited with code 0
2022/06/30 04:50:42 [notice] 1#1: worker process 45 exited with code 0
2022/06/30 04:50:42 [notice] 1#1: worker process 46 exited with code 0
2022/06/30 04:50:42 [notice] 1#1: signal 29 (SIGIO) received
2022/06/30 04:50:42 [notice] 1#1: signal 17 (SIGCHLD) received from 41
2022/06/30 04:50:42 [notice] 1#1: signal 17 (SIGCHLD) received from 34
2022/06/30 04:50:42 [notice] 1#1: worker process 34 exited with code 0
2022/06/30 04:50:42 [notice] 1#1: exit
2022/06/30 04:51:58 [notice] 1#1: using the "epoll" event method
2022/06/30 04:51:58 [notice] 1#1: nginx/1.23.0
2022/06/30 04:51:58 [notice] 1#1: built by gcc 11.2.1 20220219 (Alpine 11.2.1_git20220219) 
2022/06/30 04:51:58 [notice] 1#1: OS: Linux 5.4.72-microsoft-standard-WSL2
2022/06/30 04:51:58 [notice] 1#1: getrlimit(RLIMIT_NOFILE): 1048576:1048576
2022/06/30 04:51:58 [notice] 1#1: start worker processes
2022/06/30 04:51:58 [notice] 1#1: start worker process 32
2022/06/30 04:51:58 [notice] 1#1: start worker process 33
2022/06/30 04:51:58 [notice] 1#1: start worker process 34
2022/06/30 04:51:58 [notice] 1#1: start worker process 35
2022/06/30 04:51:58 [notice] 1#1: start worker process 36
2022/06/30 04:51:58 [notice] 1#1: start worker process 37
2022/06/30 04:51:58 [notice] 1#1: start worker process 38
2022/06/30 04:51:58 [notice] 1#1: start worker process 39
2022/06/30 04:51:58 [notice] 1#1: start worker process 40
2022/06/30 04:51:58 [notice] 1#1: start worker process 41
2022/06/30 04:51:58 [notice] 1#1: start worker process 42
2022/06/30 04:51:58 [notice] 1#1: start worker process 43
2022/06/30 04:51:58 [notice] 1#1: start worker process 44
2022/06/30 04:51:58 [notice] 1#1: start worker process 45
2022/06/30 04:51:58 [notice] 1#1: start worker process 46
2022/06/30 04:51:58 [notice] 1#1: start worker process 47
2022/06/30 07:50:41 [notice] 1#1: using the "epoll" event method
2022/06/30 07:50:41 [notice] 1#1: nginx/1.23.0
2022/06/30 07:50:41 [notice] 1#1: built by gcc 11.2.1 20220219 (Alpine 11.2.1_git20220219) 
2022/06/30 07:50:41 [notice] 1#1: OS: Linux 5.4.72-microsoft-standard-WSL2
2022/06/30 07:50:41 [notice] 1#1: getrlimit(RLIMIT_NOFILE): 1048576:1048576
2022/06/30 07:50:41 [notice] 1#1: start worker processes
2022/06/30 07:50:41 [notice] 1#1: start worker process 31
2022/06/30 07:50:41 [notice] 1#1: start worker process 32
2022/06/30 07:50:41 [notice] 1#1: start worker process 33
2022/06/30 07:50:41 [notice] 1#1: start worker process 34
2022/06/30 07:50:41 [notice] 1#1: start worker process 35
2022/06/30 07:50:41 [notice] 1#1: start worker process 36
2022/06/30 07:50:41 [notice] 1#1: start worker process 37
2022/06/30 07:50:41 [notice] 1#1: start worker process 38
2022/06/30 07:50:41 [notice] 1#1: start worker process 39
2022/06/30 07:50:41 [notice] 1#1: start worker process 40
2022/06/30 07:50:41 [notice] 1#1: start worker process 41
2022/06/30 07:50:41 [notice] 1#1: start worker process 42
2022/06/30 07:50:41 [notice] 1#1: start worker process 43
2022/06/30 07:50:41 [notice] 1#1: start worker process 44
2022/06/30 07:50:41 [notice] 1#1: start worker process 45
2022/06/30 07:50:41 [notice] 1#1: start worker process 46
2022/06/30 08:08:28 [notice] 1#1: signal 3 (SIGQUIT) received, shutting down
2022/06/30 08:08:28 [notice] 31#31: gracefully shutting down
2022/06/30 08:08:28 [notice] 32#32: gracefully shutting down
2022/06/30 08:08:28 [notice] 33#33: gracefully shutting down
2022/06/30 08:08:28 [notice] 34#34: gracefully shutting down
2022/06/30 08:08:28 [notice] 35#35: gracefully shutting down
2022/06/30 08:08:28 [notice] 32#32: exiting
2022/06/30 08:08:28 [notice] 36#36: gracefully shutting down
2022/06/30 08:08:28 [notice] 33#33: exiting
2022/06/30 08:08:28 [notice] 34#34: exiting
2022/06/30 08:08:28 [notice] 37#37: gracefully shutting down
2022/06/30 08:08:28 [notice] 35#35: exiting
2022/06/30 08:08:28 [notice] 36#36: exiting
2022/06/30 08:08:28 [notice] 38#38: gracefully shutting down
2022/06/30 08:08:28 [notice] 39#39: gracefully shutting down
2022/06/30 08:08:28 [notice] 37#37: exiting
2022/06/30 08:08:28 [notice] 40#40: gracefully shutting down
2022/06/30 08:08:28 [notice] 38#38: exiting
2022/06/30 08:08:28 [notice] 39#39: exiting
2022/06/30 08:08:28 [notice] 42#42: gracefully shutting down
2022/06/30 08:08:28 [notice] 41#41: gracefully shutting down
2022/06/30 08:08:28 [notice] 40#40: exiting
2022/06/30 08:08:28 [notice] 45#45: gracefully shutting down
2022/06/30 08:08:28 [notice] 42#42: exiting
2022/06/30 08:08:28 [notice] 41#41: exiting
2022/06/30 08:08:28 [notice] 45#45: exiting
2022/06/30 08:08:28 [notice] 44#44: gracefully shutting down
2022/06/30 08:08:28 [notice] 36#36: exit
2022/06/30 08:08:28 [notice] 35#35: exit
2022/06/30 08:08:28 [notice] 32#32: exit
2022/06/30 08:08:28 [notice] 34#34: exit
2022/06/30 08:08:28 [notice] 33#33: exit
2022/06/30 08:08:28 [notice] 44#44: exiting
2022/06/30 08:08:28 [notice] 37#37: exit
2022/06/30 08:08:28 [notice] 38#38: exit
2022/06/30 08:08:28 [notice] 39#39: exit
2022/06/30 08:08:28 [notice] 42#42: exit
2022/06/30 08:08:28 [notice] 40#40: exit
2022/06/30 08:08:28 [notice] 45#45: exit
2022/06/30 08:08:28 [notice] 41#41: exit
2022/06/30 08:08:28 [notice] 44#44: exit
2022/06/30 08:08:28 [notice] 46#46: gracefully shutting down
2022/06/30 08:08:28 [notice] 46#46: exiting
2022/06/30 08:08:28 [notice] 43#43: gracefully shutting down
2022/06/30 08:08:28 [notice] 43#43: exiting
2022/06/30 08:08:28 [notice] 46#46: exit
2022/06/30 08:08:28 [notice] 43#43: exit
2022/06/30 08:08:28 [notice] 1#1: signal 17 (SIGCHLD) received from 32
2022/06/30 08:08:28 [notice] 1#1: worker process 32 exited with code 0
2022/06/30 08:08:28 [notice] 1#1: worker process 33 exited with code 0
2022/06/30 08:08:28 [notice] 1#1: worker process 34 exited with code 0
2022/06/30 08:08:28 [notice] 1#1: worker process 37 exited with code 0
2022/06/30 08:08:28 [notice] 1#1: signal 29 (SIGIO) received
2022/06/30 08:08:28 [notice] 1#1: signal 17 (SIGCHLD) received from 44
2022/06/30 08:08:28 [notice] 1#1: worker process 38 exited with code 0
2022/06/30 08:08:28 [notice] 1#1: worker process 44 exited with code 0
2022/06/30 08:08:28 [notice] 1#1: signal 29 (SIGIO) received
2022/06/30 08:08:28 [notice] 1#1: signal 17 (SIGCHLD) received from 38
2022/06/30 08:08:28 [notice] 1#1: signal 17 (SIGCHLD) received from 46
2022/06/30 08:08:28 [notice] 1#1: worker process 46 exited with code 0
2022/06/30 08:08:28 [notice] 1#1: signal 29 (SIGIO) received
2022/06/30 08:08:28 [notice] 1#1: signal 17 (SIGCHLD) received from 40
2022/06/30 08:08:28 [notice] 1#1: worker process 35 exited with code 0
2022/06/30 08:08:28 [notice] 1#1: worker process 36 exited with code 0
2022/06/30 08:08:28 [notice] 1#1: worker process 39 exited with code 0
2022/06/30 08:08:28 [notice] 1#1: worker process 40 exited with code 0
2022/06/30 08:08:28 [notice] 1#1: worker process 42 exited with code 0
2022/06/30 08:08:28 [notice] 1#1: worker process 43 exited with code 0
2022/06/30 08:08:28 [notice] 1#1: worker process 45 exited with code 0
2022/06/30 08:08:28 [notice] 1#1: signal 29 (SIGIO) received
2022/06/30 08:08:28 [notice] 1#1: signal 17 (SIGCHLD) received from 41
2022/06/30 08:08:28 [notice] 1#1: worker process 41 exited with code 0
2022/06/30 08:08:28 [notice] 1#1: signal 29 (SIGIO) received
2022/06/30 08:08:33 [notice] 31#31: exiting
2022/06/30 08:08:33 [notice] 31#31: exit
2022/06/30 08:08:33 [notice] 1#1: signal 17 (SIGCHLD) received from 31
2022/06/30 08:08:33 [notice] 1#1: worker process 31 exited with code 0
2022/06/30 08:08:33 [notice] 1#1: exit
2022/06/30 08:08:34 [notice] 1#1: using the "epoll" event method
2022/06/30 08:08:34 [notice] 1#1: nginx/1.23.0
2022/06/30 08:08:34 [notice] 1#1: built by gcc 11.2.1 20220219 (Alpine 11.2.1_git20220219) 
2022/06/30 08:08:34 [notice] 1#1: OS: Linux 5.4.72-microsoft-standard-WSL2
2022/06/30 08:08:34 [notice] 1#1: getrlimit(RLIMIT_NOFILE): 1048576:1048576
2022/06/30 08:08:34 [notice] 1#1: start worker processes
2022/06/30 08:08:34 [notice] 1#1: start worker process 31
2022/06/30 08:08:34 [notice] 1#1: start worker process 32
2022/06/30 08:08:34 [notice] 1#1: start worker process 33
2022/06/30 08:08:34 [notice] 1#1: start worker process 34
2022/06/30 08:08:34 [notice] 1#1: start worker process 35
2022/06/30 08:08:34 [notice] 1#1: start worker process 36
2022/06/30 08:08:34 [notice] 1#1: start worker process 37
2022/06/30 08:08:34 [notice] 1#1: start worker process 38
2022/06/30 08:08:34 [notice] 1#1: start worker process 39
2022/06/30 08:08:34 [notice] 1#1: start worker process 40
2022/06/30 08:08:34 [notice] 1#1: start worker process 41
2022/06/30 08:08:34 [notice] 1#1: start worker process 42
2022/06/30 08:08:34 [notice] 1#1: start worker process 43
2022/06/30 08:08:34 [notice] 1#1: start worker process 44
2022/06/30 08:08:34 [notice] 1#1: start worker process 45
2022/06/30 08:08:34 [notice] 1#1: start worker process 46
2022/07/01 06:43:19 [notice] 1#1: using the "epoll" event method
2022/07/01 06:43:19 [notice] 1#1: nginx/1.23.0
2022/07/01 06:43:19 [notice] 1#1: built by gcc 11.2.1 20220219 (Alpine 11.2.1_git20220219) 
2022/07/01 06:43:19 [notice] 1#1: OS: Linux 5.4.72-microsoft-standard-WSL2
2022/07/01 06:43:19 [notice] 1#1: getrlimit(RLIMIT_NOFILE): 1048576:1048576
2022/07/01 06:43:19 [notice] 1#1: start worker processes
2022/07/01 06:43:19 [notice] 1#1: start worker process 31
2022/07/01 06:43:19 [notice] 1#1: start worker process 32
2022/07/01 06:43:19 [notice] 1#1: start worker process 33
2022/07/01 06:43:19 [notice] 1#1: start worker process 34
2022/07/01 06:43:19 [notice] 1#1: start worker process 35
2022/07/01 06:43:19 [notice] 1#1: start worker process 36
2022/07/01 06:43:19 [notice] 1#1: start worker process 37
2022/07/01 06:43:19 [notice] 1#1: start worker process 38
2022/07/01 06:43:19 [notice] 1#1: start worker process 39
2022/07/01 06:43:19 [notice] 1#1: start worker process 40
2022/07/01 06:43:19 [notice] 1#1: start worker process 41
2022/07/01 06:43:19 [notice] 1#1: start worker process 42
2022/07/01 06:43:19 [notice] 1#1: start worker process 43
2022/07/01 06:43:19 [notice] 1#1: start worker process 44
2022/07/01 06:43:19 [notice] 1#1: start worker process 45
2022/07/01 06:43:19 [notice] 1#1: start worker process 46
2022/07/01 08:40:21 [notice] 1#1: signal 3 (SIGQUIT) received, shutting down
2022/07/01 08:40:21 [notice] 31#31: gracefully shutting down
2022/07/01 08:40:21 [notice] 32#32: gracefully shutting down
2022/07/01 08:40:21 [notice] 31#31: exiting
2022/07/01 08:40:21 [notice] 33#33: gracefully shutting down
2022/07/01 08:40:21 [notice] 32#32: exiting
2022/07/01 08:40:21 [notice] 34#34: gracefully shutting down
2022/07/01 08:40:21 [notice] 35#35: gracefully shutting down
2022/07/01 08:40:21 [notice] 36#36: gracefully shutting down
2022/07/01 08:40:21 [notice] 33#33: exiting
2022/07/01 08:40:21 [notice] 34#34: exiting
2022/07/01 08:40:21 [notice] 35#35: exiting
2022/07/01 08:40:21 [notice] 37#37: gracefully shutting down
2022/07/01 08:40:21 [notice] 36#36: exiting
2022/07/01 08:40:21 [notice] 38#38: gracefully shutting down
2022/07/01 08:40:21 [notice] 37#37: exiting
2022/07/01 08:40:21 [notice] 39#39: gracefully shutting down
2022/07/01 08:40:21 [notice] 40#40: gracefully shutting down
2022/07/01 08:40:21 [notice] 38#38: exiting
2022/07/01 08:40:21 [notice] 39#39: exiting
2022/07/01 08:40:21 [notice] 41#41: gracefully shutting down
2022/07/01 08:40:21 [notice] 40#40: exiting
2022/07/01 08:40:21 [notice] 42#42: gracefully shutting down
2022/07/01 08:40:21 [notice] 41#41: exiting
2022/07/01 08:40:21 [notice] 45#45: gracefully shutting down
2022/07/01 08:40:21 [notice] 42#42: exiting
2022/07/01 08:40:21 [notice] 44#44: gracefully shutting down
2022/07/01 08:40:21 [notice] 45#45: exiting
2022/07/01 08:40:21 [notice] 32#32: exit
2022/07/01 08:40:21 [notice] 34#34: exit
2022/07/01 08:40:21 [notice] 44#44: exiting
2022/07/01 08:40:21 [notice] 33#33: exit
2022/07/01 08:40:21 [notice] 35#35: exit
2022/07/01 08:40:21 [notice] 31#31: exit
2022/07/01 08:40:21 [notice] 36#36: exit
2022/07/01 08:40:21 [notice] 37#37: exit
2022/07/01 08:40:21 [notice] 38#38: exit
2022/07/01 08:40:21 [notice] 39#39: exit
2022/07/01 08:40:21 [notice] 41#41: exit
2022/07/01 08:40:21 [notice] 45#45: exit
2022/07/01 08:40:21 [notice] 42#42: exit
2022/07/01 08:40:21 [notice] 44#44: exit
2022/07/01 08:40:21 [notice] 43#43: gracefully shutting down
2022/07/01 08:40:21 [notice] 43#43: exiting
2022/07/01 08:40:21 [notice] 40#40: exit
2022/07/01 08:40:21 [notice] 46#46: gracefully shutting down
2022/07/01 08:40:21 [notice] 46#46: exiting
2022/07/01 08:40:21 [notice] 43#43: exit
2022/07/01 08:40:21 [notice] 46#46: exit
2022/07/01 08:40:21 [notice] 1#1: signal 17 (SIGCHLD) received from 34
2022/07/01 08:40:21 [notice] 1#1: worker process 32 exited with code 0
2022/07/01 08:40:21 [notice] 1#1: worker process 33 exited with code 0
2022/07/01 08:40:21 [notice] 1#1: worker process 34 exited with code 0
2022/07/01 08:40:21 [notice] 1#1: worker process 36 exited with code 0
2022/07/01 08:40:21 [notice] 1#1: worker process 37 exited with code 0
2022/07/01 08:40:21 [notice] 1#1: worker process 38 exited with code 0
2022/07/01 08:40:21 [notice] 1#1: worker process 39 exited with code 0
2022/07/01 08:40:21 [notice] 1#1: worker process 40 exited with code 0
2022/07/01 08:40:21 [notice] 1#1: worker process 41 exited with code 0
2022/07/01 08:40:21 [notice] 1#1: worker process 42 exited with code 0
2022/07/01 08:40:21 [notice] 1#1: worker process 43 exited with code 0
2022/07/01 08:40:21 [notice] 1#1: worker process 44 exited with code 0
2022/07/01 08:40:21 [notice] 1#1: signal 29 (SIGIO) received
2022/07/01 08:40:21 [notice] 1#1: signal 17 (SIGCHLD) received from 32
2022/07/01 08:40:21 [notice] 1#1: signal 17 (SIGCHLD) received from 31
2022/07/01 08:40:21 [notice] 1#1: worker process 31 exited with code 0
2022/07/01 08:40:21 [notice] 1#1: signal 29 (SIGIO) received
2022/07/01 08:40:21 [notice] 1#1: signal 17 (SIGCHLD) received from 45
2022/07/01 08:40:21 [notice] 1#1: worker process 45 exited with code 0
2022/07/01 08:40:21 [notice] 1#1: signal 29 (SIGIO) received
2022/07/01 08:40:21 [notice] 1#1: signal 17 (SIGCHLD) received from 46
2022/07/01 08:40:21 [notice] 1#1: worker process 35 exited with code 0
2022/07/01 08:40:21 [notice] 1#1: worker process 46 exited with code 0
2022/07/01 08:40:21 [notice] 1#1: exit
2022/07/01 08:40:22 [notice] 1#1: using the "epoll" event method
2022/07/01 08:40:22 [notice] 1#1: nginx/1.23.0
2022/07/01 08:40:22 [notice] 1#1: built by gcc 11.2.1 20220219 (Alpine 11.2.1_git20220219) 
2022/07/01 08:40:22 [notice] 1#1: OS: Linux 5.4.72-microsoft-standard-WSL2
2022/07/01 08:40:22 [notice] 1#1: getrlimit(RLIMIT_NOFILE): 1048576:1048576
2022/07/01 08:40:22 [notice] 1#1: start worker processes
2022/07/01 08:40:22 [notice] 1#1: start worker process 31
2022/07/01 08:40:22 [notice] 1#1: start worker process 32
2022/07/01 08:40:22 [notice] 1#1: start worker process 33
2022/07/01 08:40:22 [notice] 1#1: start worker process 34
2022/07/01 08:40:22 [notice] 1#1: start worker process 35
2022/07/01 08:40:22 [notice] 1#1: start worker process 36
2022/07/01 08:40:22 [notice] 1#1: start worker process 37
2022/07/01 08:40:22 [notice] 1#1: start worker process 38
2022/07/01 08:40:22 [notice] 1#1: start worker process 39
2022/07/01 08:40:22 [notice] 1#1: start worker process 40
2022/07/01 08:40:22 [notice] 1#1: start worker process 41
2022/07/01 08:40:22 [notice] 1#1: start worker process 42
2022/07/01 08:40:22 [notice] 1#1: start worker process 43
2022/07/01 08:40:22 [notice] 1#1: start worker process 44
2022/07/01 08:40:22 [notice] 1#1: start worker process 45
2022/07/01 08:40:22 [notice] 1#1: start worker process 46
2022/07/01 08:44:34 [error] 34#34: *5 FastCGI sent in stderr: "PHP message: PHP Fatal error:  Uncaught UnexpectedValueException: The stream or file "/var/www/ApiGateway/storage/logs/lumen-2022-07-01.log" could not be opened in append mode: failed to open stream: Permission denied in /var/www/ApiGateway/vendor/monolog/monolog/src/Monolog/Handler/StreamHandler.php:115
Stack trace:
#0 /var/www/ApiGateway/vendor/monolog/monolog/src/Monolog/Handler/RotatingFileHandler.php(120): Monolog\Handler\StreamHandler->write(Array)
#1 /var/www/ApiGateway/vendor/monolog/monolog/src/Monolog/Handler/AbstractProcessingHandler.php(39): Monolog\Handler\RotatingFileHandler->write(Array)
#2 /var/www/ApiGateway/vendor/monolog/monolog/src/Monolog/Logger.php(344): Monolog\Handler\AbstractProcessingHandler->handle(Array)
#3 /var/www/ApiGateway/vendor/monolog/monolog/src/Monolog/Logger.php(712): Monolog\Logger->addRecord(400, Object(UnexpectedValueException), Array)
#4 /var/www/ApiGateway/vendor/illuminate/log/Logger.php(176): Monolog\Logger->error(Object(UnexpectedValueException), Array)
#5 /va...
PHP message: PHP Fatal error:  Uncaught UnexpectedValueException: The stream or file "/var/www/ApiGateway/storage/logs/lumen-2022-07-01.log" could not be opened in append mode: failed to open stream: Permission denied in /var/www/ApiGateway/vendor/monolog/monolog/src/Monolog/Handler/StreamHandler.php:115
Stack trace:
#0 /var/www/ApiGateway/vendor/monolog/monolog/src/Monolog/Handler/RotatingFileHandler.php(120): Monolog\Handler\StreamHandler->write(Array)
#1 /var/www/ApiGateway/vendor/monolog/monolog/src/Monolog/Handler/AbstractProcessingHandler.php(39): Monolog\Handler\RotatingFileHandler->write(Array)
#2 /var/www/ApiGateway/vendor/monolog/monolog/src/Monolog/Logger.php(344): Monolog\Handler\AbstractProcessingHandler->handle(Array)
#3 /var/www/ApiGateway/vendor/monolog/monolog/src/Monolog/Logger.php(712): Monolog\Logger->addRecord(400, Object(Symfony\Component\Debug\Exception\FatalErrorException), Array)
#4 /var/www/ApiGateway/vendor/illuminate/l
2022/07/01 08:45:30 [error] 32#32: *9 FastCGI sent in stderr: "PHP message: PHP Fatal error:  Uncaught UnexpectedValueException: The stream or file "/var/www/ApiGateway/storage/logs/lumen-2022-07-01.log" could not be opened in append mode: failed to open stream: Permission denied in /var/www/ApiGateway/vendor/monolog/monolog/src/Monolog/Handler/StreamHandler.php:115
Stack trace:
#0 /var/www/ApiGateway/vendor/monolog/monolog/src/Monolog/Handler/RotatingFileHandler.php(120): Monolog\Handler\StreamHandler->write(Array)
#1 /var/www/ApiGateway/vendor/monolog/monolog/src/Monolog/Handler/AbstractProcessingHandler.php(39): Monolog\Handler\RotatingFileHandler->write(Array)
#2 /var/www/ApiGateway/vendor/monolog/monolog/src/Monolog/Logger.php(344): Monolog\Handler\AbstractProcessingHandler->handle(Array)
#3 /var/www/ApiGateway/vendor/monolog/monolog/src/Monolog/Logger.php(712): Monolog\Logger->addRecord(400, Object(UnexpectedValueException), Array)
#4 /var/www/ApiGateway/vendor/illuminate/log/Logger.php(176): Monolog\Logger->error(Object(UnexpectedValueException), Array)
#5 /va...
PHP message: PHP Fatal error:  Uncaught UnexpectedValueException: The stream or file "/var/www/ApiGateway/storage/logs/lumen-2022-07-01.log" could not be opened in append mode: failed to open stream: Permission denied in /var/www/ApiGateway/vendor/monolog/monolog/src/Monolog/Handler/StreamHandler.php:115
Stack trace:
#0 /var/www/ApiGateway/vendor/monolog/monolog/src/Monolog/Handler/RotatingFileHandler.php(120): Monolog\Handler\StreamHandler->write(Array)
#1 /var/www/ApiGateway/vendor/monolog/monolog/src/Monolog/Handler/AbstractProcessingHandler.php(39): Monolog\Handler\RotatingFileHandler->write(Array)
#2 /var/www/ApiGateway/vendor/monolog/monolog/src/Monolog/Logger.php(344): Monolog\Handler\AbstractProcessingHandler->handle(Array)
#3 /var/www/ApiGateway/vendor/monolog/monolog/src/Monolog/Logger.php(712): Monolog\Logger->addRecord(400, Object(Symfony\Component\Debug\Exception\FatalErrorException), Array)
#4 /var/www/ApiGateway/vendor/illuminate/l
2022/07/01 08:49:21 [error] 35#35: *13 FastCGI sent in stderr: "PHP message: PHP Fatal error:  Uncaught UnexpectedValueException: The stream or file "/var/www/ApiGateway/storage/logs/lumen-2022-07-01.log" could not be opened in append mode: failed to open stream: Permission denied in /var/www/ApiGateway/vendor/monolog/monolog/src/Monolog/Handler/StreamHandler.php:115
Stack trace:
#0 /var/www/ApiGateway/vendor/monolog/monolog/src/Monolog/Handler/RotatingFileHandler.php(120): Monolog\Handler\StreamHandler->write(Array)
#1 /var/www/ApiGateway/vendor/monolog/monolog/src/Monolog/Handler/AbstractProcessingHandler.php(39): Monolog\Handler\RotatingFileHandler->write(Array)
#2 /var/www/ApiGateway/vendor/monolog/monolog/src/Monolog/Logger.php(344): Monolog\Handler\AbstractProcessingHandler->handle(Array)
#3 /var/www/ApiGateway/vendor/monolog/monolog/src/Monolog/Logger.php(712): Monolog\Logger->addRecord(400, Object(UnexpectedValueException), Array)
#4 /var/www/ApiGateway/vendor/illuminate/log/Logger.php(176): Monolog\Logger->error(Object(UnexpectedValueException), Array)
#5 /va...
PHP message: PHP Fatal error:  Uncaught UnexpectedValueException: The stream or file "/var/www/ApiGateway/storage/logs/lumen-2022-07-01.log" could not be opened in append mode: failed to open stream: Permission denied in /var/www/ApiGateway/vendor/monolog/monolog/src/Monolog/Handler/StreamHandler.php:115
Stack trace:
#0 /var/www/ApiGateway/vendor/monolog/monolog/src/Monolog/Handler/RotatingFileHandler.php(120): Monolog\Handler\StreamHandler->write(Array)
#1 /var/www/ApiGateway/vendor/monolog/monolog/src/Monolog/Handler/AbstractProcessingHandler.php(39): Monolog\Handler\RotatingFileHandler->write(Array)
#2 /var/www/ApiGateway/vendor/monolog/monolog/src/Monolog/Logger.php(344): Monolog\Handler\AbstractProcessingHandler->handle(Array)
#3 /var/www/ApiGateway/vendor/monolog/monolog/src/Monolog/Logger.php(712): Monolog\Logger->addRecord(400, Object(Symfony\Component\Debug\Exception\FatalErrorException), Array)
#4 /var/www/ApiGateway/vendor/illuminate/
2022/07/01 08:52:40 [notice] 1#1: signal 3 (SIGQUIT) received, shutting down
2022/07/01 08:52:40 [notice] 31#31: gracefully shutting down
2022/07/01 08:52:40 [notice] 32#32: gracefully shutting down
2022/07/01 08:52:40 [notice] 33#33: gracefully shutting down
2022/07/01 08:52:40 [notice] 34#34: gracefully shutting down
2022/07/01 08:52:40 [notice] 32#32: exiting
2022/07/01 08:52:40 [notice] 31#31: exiting
2022/07/01 08:52:40 [notice] 33#33: exiting
2022/07/01 08:52:40 [notice] 35#35: gracefully shutting down
2022/07/01 08:52:40 [notice] 34#34: exiting
2022/07/01 08:52:40 [notice] 36#36: gracefully shutting down
2022/07/01 08:52:40 [notice] 37#37: gracefully shutting down
2022/07/01 08:52:40 [notice] 35#35: exiting
2022/07/01 08:52:40 [notice] 38#38: gracefully shutting down
2022/07/01 08:52:40 [notice] 39#39: gracefully shutting down
2022/07/01 08:52:40 [notice] 36#36: exiting
2022/07/01 08:52:40 [notice] 37#37: exiting
2022/07/01 08:52:40 [notice] 38#38: exiting
2022/07/01 08:52:40 [notice] 39#39: exiting
2022/07/01 08:52:40 [notice] 40#40: gracefully shutting down
2022/07/01 08:52:40 [notice] 41#41: gracefully shutting down
2022/07/01 08:52:40 [notice] 42#42: gracefully shutting down
2022/07/01 08:52:40 [notice] 43#43: gracefully shutting down
2022/07/01 08:52:40 [notice] 40#40: exiting
2022/07/01 08:52:40 [notice] 41#41: exiting
2022/07/01 08:52:40 [notice] 46#46: gracefully shutting down
2022/07/01 08:52:40 [notice] 42#42: exiting
2022/07/01 08:52:40 [notice] 43#43: exiting
2022/07/01 08:52:40 [notice] 46#46: exiting
2022/07/01 08:52:40 [notice] 33#33: exit
2022/07/01 08:52:40 [notice] 32#32: exit
2022/07/01 08:52:40 [notice] 34#34: exit
2022/07/01 08:52:40 [notice] 35#35: exit
2022/07/01 08:52:40 [notice] 31#31: exit
2022/07/01 08:52:40 [notice] 36#36: exit
2022/07/01 08:52:40 [notice] 38#38: exit
2022/07/01 08:52:40 [notice] 39#39: exit
2022/07/01 08:52:40 [notice] 37#37: exit
2022/07/01 08:52:40 [notice] 40#40: exit
2022/07/01 08:52:40 [notice] 46#46: exit
2022/07/01 08:52:40 [notice] 42#42: exit
2022/07/01 08:52:40 [notice] 43#43: exit
2022/07/01 08:52:40 [notice] 41#41: exit
2022/07/01 08:52:40 [notice] 45#45: gracefully shutting down
2022/07/01 08:52:40 [notice] 44#44: gracefully shutting down
2022/07/01 08:52:40 [notice] 45#45: exiting
2022/07/01 08:52:40 [notice] 44#44: exiting
2022/07/01 08:52:40 [notice] 45#45: exit
2022/07/01 08:52:40 [notice] 44#44: exit
2022/07/01 08:52:40 [notice] 1#1: signal 17 (SIGCHLD) received from 42
2022/07/01 08:52:40 [notice] 1#1: worker process 32 exited with code 0
2022/07/01 08:52:40 [notice] 1#1: worker process 34 exited with code 0
2022/07/01 08:52:40 [notice] 1#1: worker process 35 exited with code 0
2022/07/01 08:52:40 [notice] 1#1: worker process 36 exited with code 0
2022/07/01 08:52:40 [notice] 1#1: worker process 38 exited with code 0
2022/07/01 08:52:40 [notice] 1#1: worker process 41 exited with code 0
2022/07/01 08:52:40 [notice] 1#1: worker process 42 exited with code 0
2022/07/01 08:52:40 [notice] 1#1: worker process 45 exited with code 0
2022/07/01 08:52:40 [notice] 1#1: worker process 46 exited with code 0
2022/07/01 08:52:40 [notice] 1#1: signal 29 (SIGIO) received
2022/07/01 08:52:40 [notice] 1#1: signal 17 (SIGCHLD) received from 45
2022/07/01 08:52:40 [notice] 1#1: signal 17 (SIGCHLD) received from 40
2022/07/01 08:52:40 [notice] 1#1: worker process 31 exited with code 0
2022/07/01 08:52:40 [notice] 1#1: worker process 37 exited with code 0
2022/07/01 08:52:40 [notice] 1#1: worker process 40 exited with code 0
2022/07/01 08:52:40 [notice] 1#1: worker process 43 exited with code 0
2022/07/01 08:52:40 [notice] 1#1: worker process 44 exited with code 0
2022/07/01 08:52:40 [notice] 1#1: signal 29 (SIGIO) received
2022/07/01 08:52:40 [notice] 1#1: signal 17 (SIGCHLD) received from 37
2022/07/01 08:52:40 [notice] 1#1: signal 17 (SIGCHLD) received from 33
2022/07/01 08:52:40 [notice] 1#1: worker process 33 exited with code 0
2022/07/01 08:52:40 [notice] 1#1: signal 29 (SIGIO) received
2022/07/01 08:52:40 [notice] 1#1: signal 17 (SIGCHLD) received from 39
2022/07/01 08:52:40 [notice] 1#1: worker process 39 exited with code 0
2022/07/01 08:52:40 [notice] 1#1: exit
2022/07/01 08:52:41 [notice] 1#1: using the "epoll" event method
2022/07/01 08:52:41 [notice] 1#1: nginx/1.23.0
2022/07/01 08:52:41 [notice] 1#1: built by gcc 11.2.1 20220219 (Alpine 11.2.1_git20220219) 
2022/07/01 08:52:41 [notice] 1#1: OS: Linux 5.4.72-microsoft-standard-WSL2
2022/07/01 08:52:41 [notice] 1#1: getrlimit(RLIMIT_NOFILE): 1048576:1048576
2022/07/01 08:52:41 [notice] 1#1: start worker processes
2022/07/01 08:52:41 [notice] 1#1: start worker process 31
2022/07/01 08:52:41 [notice] 1#1: start worker process 32
2022/07/01 08:52:41 [notice] 1#1: start worker process 33
2022/07/01 08:52:41 [notice] 1#1: start worker process 34
2022/07/01 08:52:41 [notice] 1#1: start worker process 35
2022/07/01 08:52:41 [notice] 1#1: start worker process 36
2022/07/01 08:52:41 [notice] 1#1: start worker process 37
2022/07/01 08:52:41 [notice] 1#1: start worker process 38
2022/07/01 08:52:41 [notice] 1#1: start worker process 39
2022/07/01 08:52:41 [notice] 1#1: start worker process 40
2022/07/01 08:52:41 [notice] 1#1: start worker process 41
2022/07/01 08:52:41 [notice] 1#1: start worker process 42
2022/07/01 08:52:41 [notice] 1#1: start worker process 43
2022/07/01 08:52:41 [notice] 1#1: start worker process 44
2022/07/01 08:52:41 [notice] 1#1: start worker process 45
2022/07/01 08:52:41 [notice] 1#1: start worker process 46
2022/07/01 08:53:24 [notice] 1#1: signal 3 (SIGQUIT) received, shutting down
2022/07/01 08:53:24 [notice] 31#31: gracefully shutting down
2022/07/01 08:53:24 [notice] 32#32: gracefully shutting down
2022/07/01 08:53:24 [notice] 33#33: gracefully shutting down
2022/07/01 08:53:24 [notice] 31#31: exiting
2022/07/01 08:53:24 [notice] 34#34: gracefully shutting down
2022/07/01 08:53:24 [notice] 32#32: exiting
2022/07/01 08:53:24 [notice] 35#35: gracefully shutting down
2022/07/01 08:53:24 [notice] 33#33: exiting
2022/07/01 08:53:24 [notice] 34#34: exiting
2022/07/01 08:53:24 [notice] 36#36: gracefully shutting down
2022/07/01 08:53:24 [notice] 35#35: exiting
2022/07/01 08:53:24 [notice] 37#37: gracefully shutting down
2022/07/01 08:53:24 [notice] 38#38: gracefully shutting down
2022/07/01 08:53:24 [notice] 39#39: gracefully shutting down
2022/07/01 08:53:24 [notice] 36#36: exiting
2022/07/01 08:53:24 [notice] 37#37: exiting
2022/07/01 08:53:24 [notice] 40#40: gracefully shutting down
2022/07/01 08:53:24 [notice] 38#38: exiting
2022/07/01 08:53:24 [notice] 39#39: exiting
2022/07/01 08:53:24 [notice] 41#41: gracefully shutting down
2022/07/01 08:53:24 [notice] 42#42: gracefully shutting down
2022/07/01 08:53:24 [notice] 40#40: exiting
2022/07/01 08:53:24 [notice] 41#41: exiting
2022/07/01 08:53:24 [notice] 43#43: gracefully shutting down
2022/07/01 08:53:24 [notice] 42#42: exiting
2022/07/01 08:53:24 [notice] 43#43: exiting
2022/07/01 08:53:24 [notice] 44#44: gracefully shutting down
2022/07/01 08:53:24 [notice] 44#44: exiting
2022/07/01 08:53:24 [notice] 35#35: exit
2022/07/01 08:53:24 [notice] 31#31: exit
2022/07/01 08:53:24 [notice] 33#33: exit
2022/07/01 08:53:24 [notice] 34#34: exit
2022/07/01 08:53:24 [notice] 32#32: exit
2022/07/01 08:53:24 [notice] 37#37: exit
2022/07/01 08:53:24 [notice] 36#36: exit
2022/07/01 08:53:24 [notice] 38#38: exit
2022/07/01 08:53:24 [notice] 39#39: exit
2022/07/01 08:53:24 [notice] 41#41: exit
2022/07/01 08:53:24 [notice] 40#40: exit
2022/07/01 08:53:24 [notice] 42#42: exit
2022/07/01 08:53:24 [notice] 43#43: exit
2022/07/01 08:53:24 [notice] 44#44: exit
2022/07/01 08:53:24 [notice] 46#46: gracefully shutting down
2022/07/01 08:53:24 [notice] 46#46: exiting
2022/07/01 08:53:24 [notice] 45#45: gracefully shutting down
2022/07/01 08:53:24 [notice] 45#45: exiting
2022/07/01 08:53:24 [notice] 46#46: exit
2022/07/01 08:53:24 [notice] 45#45: exit
2022/07/01 08:53:24 [notice] 1#1: signal 17 (SIGCHLD) received from 37
2022/07/01 08:53:24 [notice] 1#1: worker process 32 exited with code 0
2022/07/01 08:53:24 [notice] 1#1: worker process 37 exited with code 0
2022/07/01 08:53:24 [notice] 1#1: signal 29 (SIGIO) received
2022/07/01 08:53:24 [notice] 1#1: signal 17 (SIGCHLD) received from 35
2022/07/01 08:53:24 [notice] 1#1: worker process 31 exited with code 0
2022/07/01 08:53:24 [notice] 1#1: worker process 33 exited with code 0
2022/07/01 08:53:24 [notice] 1#1: worker process 35 exited with code 0
2022/07/01 08:53:24 [notice] 1#1: worker process 43 exited with code 0
2022/07/01 08:53:24 [notice] 1#1: signal 29 (SIGIO) received
2022/07/01 08:53:24 [notice] 1#1: signal 17 (SIGCHLD) received from 40
2022/07/01 08:53:24 [notice] 1#1: worker process 40 exited with code 0
2022/07/01 08:53:24 [notice] 1#1: worker process 44 exited with code 0
2022/07/01 08:53:24 [notice] 1#1: worker process 45 exited with code 0
2022/07/01 08:53:24 [notice] 1#1: signal 29 (SIGIO) received
2022/07/01 08:53:24 [notice] 1#1: signal 17 (SIGCHLD) received from 44
2022/07/01 08:53:24 [notice] 1#1: signal 17 (SIGCHLD) received from 38
2022/07/01 08:53:24 [notice] 1#1: worker process 38 exited with code 0
2022/07/01 08:53:24 [notice] 1#1: worker process 39 exited with code 0
2022/07/01 08:53:24 [notice] 1#1: worker process 41 exited with code 0
2022/07/01 08:53:24 [notice] 1#1: worker process 42 exited with code 0
2022/07/01 08:53:24 [notice] 1#1: worker process 46 exited with code 0
2022/07/01 08:53:24 [notice] 1#1: signal 29 (SIGIO) received
2022/07/01 08:53:24 [notice] 1#1: signal 17 (SIGCHLD) received from 34
2022/07/01 08:53:24 [notice] 1#1: worker process 34 exited with code 0
2022/07/01 08:53:24 [notice] 1#1: signal 29 (SIGIO) received
2022/07/01 08:53:24 [notice] 1#1: signal 17 (SIGCHLD) received from 36
2022/07/01 08:53:24 [notice] 1#1: worker process 36 exited with code 0
2022/07/01 08:53:24 [notice] 1#1: exit
2022/07/01 08:53:26 [notice] 1#1: using the "epoll" event method
2022/07/01 08:53:26 [notice] 1#1: nginx/1.23.0
2022/07/01 08:53:26 [notice] 1#1: built by gcc 11.2.1 20220219 (Alpine 11.2.1_git20220219) 
2022/07/01 08:53:26 [notice] 1#1: OS: Linux 5.4.72-microsoft-standard-WSL2
2022/07/01 08:53:26 [notice] 1#1: getrlimit(RLIMIT_NOFILE): 1048576:1048576
2022/07/01 08:53:26 [notice] 1#1: start worker processes
2022/07/01 08:53:26 [notice] 1#1: start worker process 31
2022/07/01 08:53:26 [notice] 1#1: start worker process 32
2022/07/01 08:53:26 [notice] 1#1: start worker process 33
2022/07/01 08:53:26 [notice] 1#1: start worker process 34
2022/07/01 08:53:26 [notice] 1#1: start worker process 35
2022/07/01 08:53:26 [notice] 1#1: start worker process 36
2022/07/01 08:53:26 [notice] 1#1: start worker process 37
2022/07/01 08:53:26 [notice] 1#1: start worker process 38
2022/07/01 08:53:26 [notice] 1#1: start worker process 39
2022/07/01 08:53:26 [notice] 1#1: start worker process 40
2022/07/01 08:53:26 [notice] 1#1: start worker process 41
2022/07/01 08:53:26 [notice] 1#1: start worker process 42
2022/07/01 08:53:26 [notice] 1#1: start worker process 43
2022/07/01 08:53:26 [notice] 1#1: start worker process 44
2022/07/01 08:53:26 [notice] 1#1: start worker process 45
2022/07/01 08:53:26 [notice] 1#1: start worker process 46
